<?xml version="1.0" encoding="UTF-8"?>
<testsuite name="com.SpringFirst.springboot.domain.posts.PostsRepositoryTest" tests="2" skipped="0" failures="0" errors="0" timestamp="2020-07-22T06:46:25" hostname="DESKTOP-JNEGHC6" time="0.16">
  <properties/>
  <testcase name="게시글저장_불러오기" classname="com.SpringFirst.springboot.domain.posts.PostsRepositoryTest" time="0.153"/>
  <testcase name="BaseTimeEntity_등록" classname="com.SpringFirst.springboot.domain.posts.PostsRepositoryTest" time="0.007"/>
  <system-out><![CDATA[2020-07-22 15:46:21.885  INFO 13180 --- [    Test worker] .b.t.c.SpringBootTestContextBootstrapper : Neither @ContextConfiguration nor @ContextHierarchy found for test class [com.SpringFirst.springboot.domain.posts.PostsRepositoryTest], using SpringBootContextLoader
2020-07-22 15:46:21.886  INFO 13180 --- [    Test worker] o.s.t.c.support.AbstractContextLoader    : Could not detect default resource locations for test class [com.SpringFirst.springboot.domain.posts.PostsRepositoryTest]: no resource found for suffixes {-context.xml, Context.groovy}.
2020-07-22 15:46:21.886  INFO 13180 --- [    Test worker] t.c.s.AnnotationConfigContextLoaderUtils : Could not detect default configuration classes for test class [com.SpringFirst.springboot.domain.posts.PostsRepositoryTest]: PostsRepositoryTest does not declare any static, non-private, non-final, nested classes annotated with @Configuration.
2020-07-22 15:46:21.895  INFO 13180 --- [    Test worker] .b.t.c.SpringBootTestContextBootstrapper : Found @SpringBootConfiguration com.SpringFirst.springboot.Application for test class com.SpringFirst.springboot.domain.posts.PostsRepositoryTest
2020-07-22 15:46:21.897  INFO 13180 --- [    Test worker] .b.t.c.SpringBootTestContextBootstrapper : Loaded default TestExecutionListener class names from location [META-INF/spring.factories]: [org.springframework.security.test.context.support.WithSecurityContextTestExecutionListener, org.springframework.security.test.context.support.ReactorContextTestExecutionListener, org.springframework.boot.test.autoconfigure.restdocs.RestDocsTestExecutionListener, org.springframework.boot.test.autoconfigure.web.client.MockRestServiceServerResetTestExecutionListener, org.springframework.boot.test.autoconfigure.web.servlet.MockMvcPrintOnlyOnFailureTestExecutionListener, org.springframework.boot.test.autoconfigure.web.servlet.WebDriverTestExecutionListener, org.springframework.boot.test.mock.mockito.MockitoTestExecutionListener, org.springframework.boot.test.mock.mockito.ResetMocksTestExecutionListener, org.springframework.test.context.web.ServletTestExecutionListener, org.springframework.test.context.support.DirtiesContextBeforeModesTestExecutionListener, org.springframework.test.context.support.DependencyInjectionTestExecutionListener, org.springframework.test.context.support.DirtiesContextTestExecutionListener, org.springframework.test.context.transaction.TransactionalTestExecutionListener, org.springframework.test.context.jdbc.SqlScriptsTestExecutionListener]
2020-07-22 15:46:21.899  INFO 13180 --- [    Test worker] .b.t.c.SpringBootTestContextBootstrapper : Using TestExecutionListeners: [org.springframework.test.context.web.ServletTestExecutionListener@17a0f89f, org.springframework.test.context.support.DirtiesContextBeforeModesTestExecutionListener@58837b49, org.springframework.boot.test.mock.mockito.MockitoTestExecutionListener@ec33a2a, org.springframework.boot.test.autoconfigure.SpringBootDependencyInjectionTestExecutionListener@5a7c6c56, org.springframework.test.context.support.DirtiesContextTestExecutionListener@4a080386, org.springframework.test.context.transaction.TransactionalTestExecutionListener@91260bd, org.springframework.test.context.jdbc.SqlScriptsTestExecutionListener@1e9719df, org.springframework.security.test.context.support.WithSecurityContextTestExecutionListener@2730c887, org.springframework.security.test.context.support.ReactorContextTestExecutionListener@2d2eebd4, org.springframework.boot.test.autoconfigure.restdocs.RestDocsTestExecutionListener@37a37144, org.springframework.boot.test.autoconfigure.web.client.MockRestServiceServerResetTestExecutionListener@11dcdf8e, org.springframework.boot.test.autoconfigure.web.servlet.MockMvcPrintOnlyOnFailureTestExecutionListener@300949c2, org.springframework.boot.test.autoconfigure.web.servlet.WebDriverTestExecutionListener@6a23745c, org.springframework.boot.test.mock.mockito.ResetMocksTestExecutionListener@46a6010d]

  .   ____          _            __ _ _
 /\\ / ___'_ __ _ _(_)_ __  __ _ \ \ \ \
( ( )\___ | '_ | '_| | '_ \/ _` | \ \ \ \
 \\/  ___)| |_)| | | | | || (_| |  ) ) ) )
  '  |____| .__|_| |_|_| |_\__, | / / / /
 =========|_|==============|___/=/_/_/_/
 :: Spring Boot ::        (v2.1.7.RELEASE)

2020-07-22 15:46:21.920  INFO 13180 --- [    Test worker] c.S.s.domain.posts.PostsRepositoryTest   : Starting PostsRepositoryTest on DESKTOP-JNEGHC6 with PID 13180 (started by JOO in C:\Users\JOO\IdeaProjects\SpringFirst)
2020-07-22 15:46:21.920  INFO 13180 --- [    Test worker] c.S.s.domain.posts.PostsRepositoryTest   : No active profile set, falling back to default profiles: default
2020-07-22 15:46:22.268  INFO 13180 --- [    Test worker] .s.d.r.c.RepositoryConfigurationDelegate : Bootstrapping Spring Data repositories in DEFAULT mode.
2020-07-22 15:46:22.333  INFO 13180 --- [    Test worker] .s.d.r.c.RepositoryConfigurationDelegate : Finished Spring Data repository scanning in 57ms. Found 2 repository interfaces.
2020-07-22 15:46:22.550  INFO 13180 --- [    Test worker] trationDelegate$BeanPostProcessorChecker : Bean 'org.springframework.transaction.annotation.ProxyTransactionManagementConfiguration' of type [org.springframework.transaction.annotation.ProxyTransactionManagementConfiguration$$EnhancerBySpringCGLIB$$68716c5b] is not eligible for getting processed by all BeanPostProcessors (for example: not eligible for auto-proxying)
2020-07-22 15:46:22.695  INFO 13180 --- [    Test worker] com.zaxxer.hikari.HikariDataSource       : HikariPool-1 - Starting...
2020-07-22 15:46:22.856  INFO 13180 --- [    Test worker] com.zaxxer.hikari.HikariDataSource       : HikariPool-1 - Start completed.
2020-07-22 15:46:22.935  INFO 13180 --- [    Test worker] o.hibernate.jpa.internal.util.LogHelper  : HHH000204: Processing PersistenceUnitInfo [
	name: default
	...]
2020-07-22 15:46:23.009  INFO 13180 --- [    Test worker] org.hibernate.Version                    : HHH000412: Hibernate Core {5.3.10.Final}
2020-07-22 15:46:23.011  INFO 13180 --- [    Test worker] org.hibernate.cfg.Environment            : HHH000206: hibernate.properties not found
2020-07-22 15:46:23.065  INFO 13180 --- [    Test worker] o.hibernate.annotations.common.Version   : HCANN000001: Hibernate Commons Annotations {5.0.4.Final}
2020-07-22 15:46:23.223  INFO 13180 --- [    Test worker] org.hibernate.dialect.Dialect            : HHH000400: Using dialect: org.hibernate.dialect.MySQL5InnoDBDialect
Hibernate: drop table if exists posts
Hibernate: drop table if exists user
Hibernate: create table posts (id bigint not null auto_increment, created_date datetime, modified_date datetime, author varchar(255), content TEXT not null, title varchar(500) not null, primary key (id)) engine=InnoDB
Hibernate: create table user (id bigint not null auto_increment, created_date datetime, modified_date datetime, email varchar(255) not null, name varchar(255) not null, picture varchar(255), role varchar(255) not null, primary key (id)) engine=InnoDB
2020-07-22 15:46:23.758  INFO 13180 --- [    Test worker] o.h.t.schema.internal.SchemaCreatorImpl  : HHH000476: Executing import script 'org.hibernate.tool.schema.internal.exec.ScriptSourceInputNonExistentImpl@1a6e9e7f'
2020-07-22 15:46:23.761  INFO 13180 --- [    Test worker] j.LocalContainerEntityManagerFactoryBean : Initialized JPA EntityManagerFactory for persistence unit 'default'
2020-07-22 15:46:24.222  INFO 13180 --- [    Test worker] o.h.h.i.QueryTranslatorFactoryInitiator  : HHH000397: Using ASTQueryTranslatorFactory
2020-07-22 15:46:24.491  INFO 13180 --- [    Test worker] o.s.s.web.DefaultSecurityFilterChain     : Creating filter chain: any request, [org.springframework.security.web.context.request.async.WebAsyncManagerIntegrationFilter@2c99501, org.springframework.security.web.context.SecurityContextPersistenceFilter@4dd28066, org.springframework.security.web.header.HeaderWriterFilter@43d09c3, org.springframework.security.web.authentication.logout.LogoutFilter@56dab005, org.springframework.security.oauth2.client.web.OAuth2AuthorizationRequestRedirectFilter@fa08405, org.springframework.security.oauth2.client.web.OAuth2LoginAuthenticationFilter@26b8498, org.springframework.security.web.authentication.ui.DefaultLoginPageGeneratingFilter@fd2c029, org.springframework.security.web.authentication.ui.DefaultLogoutPageGeneratingFilter@50bf833b, org.springframework.security.web.savedrequest.RequestCacheAwareFilter@58d07825, org.springframework.security.web.servletapi.SecurityContextHolderAwareRequestFilter@34cf11ed, org.springframework.security.web.authentication.AnonymousAuthenticationFilter@21bb1884, org.springframework.security.web.session.SessionManagementFilter@432f112c, org.springframework.security.web.access.ExceptionTranslationFilter@2de71e1f, org.springframework.security.web.access.intercept.FilterSecurityInterceptor@394d3020]
2020-07-22 15:46:24.789  INFO 13180 --- [    Test worker] o.s.s.concurrent.ThreadPoolTaskExecutor  : Initializing ExecutorService 'applicationTaskExecutor'
2020-07-22 15:46:24.802  WARN 13180 --- [    Test worker] aWebConfiguration$JpaWebMvcConfiguration : spring.jpa.open-in-view is enabled by default. Therefore, database queries may be performed during view rendering. Explicitly configure spring.jpa.open-in-view to disable this warning
2020-07-22 15:46:24.828  INFO 13180 --- [    Test worker] o.s.b.a.w.s.WelcomePageHandlerMapping    : Adding welcome page template: index
2020-07-22 15:46:25.213  INFO 13180 --- [    Test worker] s.a.ScheduledAnnotationBeanPostProcessor : No TaskScheduler/ScheduledExecutorService bean found for scheduled processing
2020-07-22 15:46:25.220  INFO 13180 --- [    Test worker] c.S.s.domain.posts.PostsRepositoryTest   : Started PostsRepositoryTest in 3.319 seconds (JVM running for 7.579)
Hibernate: insert into posts (created_date, modified_date, author, content, title) values (?, ?, ?, ?, ?)
Hibernate: select posts0_.id as id1_0_, posts0_.created_date as created_2_0_, posts0_.modified_date as modified3_0_, posts0_.author as author4_0_, posts0_.content as content5_0_, posts0_.title as title6_0_ from posts posts0_
Hibernate: select posts0_.id as id1_0_, posts0_.created_date as created_2_0_, posts0_.modified_date as modified3_0_, posts0_.author as author4_0_, posts0_.content as content5_0_, posts0_.title as title6_0_ from posts posts0_
Hibernate: delete from posts where id=?
Hibernate: insert into posts (created_date, modified_date, author, content, title) values (?, ?, ?, ?, ?)
Hibernate: select posts0_.id as id1_0_, posts0_.created_date as created_2_0_, posts0_.modified_date as modified3_0_, posts0_.author as author4_0_, posts0_.content as content5_0_, posts0_.title as title6_0_ from posts posts0_
>>>>>>>>>>>> createDate=2020-07-22T15:46:25.379030, modifiedDate=2020-07-22T15:46:25.379030
Hibernate: select posts0_.id as id1_0_, posts0_.created_date as created_2_0_, posts0_.modified_date as modified3_0_, posts0_.author as author4_0_, posts0_.content as content5_0_, posts0_.title as title6_0_ from posts posts0_
Hibernate: delete from posts where id=?
]]></system-out>
  <system-err><![CDATA[]]></system-err>
</testsuite>
