<?xml version="1.0" encoding="UTF-8"?>
<testsuite name="com.SpringFirst.springboot.web.PostsApiControllerTest" tests="2" skipped="0" failures="0" errors="0" timestamp="2020-07-22T06:46:27" hostname="DESKTOP-JNEGHC6" time="0.075">
  <properties/>
  <testcase name="Posts_등록된다" classname="com.SpringFirst.springboot.web.PostsApiControllerTest" time="0.051"/>
  <testcase name="Posts_수정된다" classname="com.SpringFirst.springboot.web.PostsApiControllerTest" time="0.024"/>
  <system-out><![CDATA[2020-07-22 15:46:27.319  INFO 13180 --- [    Test worker] .b.t.c.SpringBootTestContextBootstrapper : Neither @ContextConfiguration nor @ContextHierarchy found for test class [com.SpringFirst.springboot.web.PostsApiControllerTest], using SpringBootContextLoader
2020-07-22 15:46:27.320  INFO 13180 --- [    Test worker] o.s.t.c.support.AbstractContextLoader    : Could not detect default resource locations for test class [com.SpringFirst.springboot.web.PostsApiControllerTest]: no resource found for suffixes {-context.xml, Context.groovy}.
2020-07-22 15:46:27.321  INFO 13180 --- [    Test worker] t.c.s.AnnotationConfigContextLoaderUtils : Could not detect default configuration classes for test class [com.SpringFirst.springboot.web.PostsApiControllerTest]: PostsApiControllerTest does not declare any static, non-private, non-final, nested classes annotated with @Configuration.
2020-07-22 15:46:27.322  INFO 13180 --- [    Test worker] .b.t.c.SpringBootTestContextBootstrapper : Found @SpringBootConfiguration com.SpringFirst.springboot.Application for test class com.SpringFirst.springboot.web.PostsApiControllerTest
2020-07-22 15:46:27.323  INFO 13180 --- [    Test worker] .b.t.c.SpringBootTestContextBootstrapper : Loaded default TestExecutionListener class names from location [META-INF/spring.factories]: [org.springframework.security.test.context.support.WithSecurityContextTestExecutionListener, org.springframework.security.test.context.support.ReactorContextTestExecutionListener, org.springframework.boot.test.autoconfigure.restdocs.RestDocsTestExecutionListener, org.springframework.boot.test.autoconfigure.web.client.MockRestServiceServerResetTestExecutionListener, org.springframework.boot.test.autoconfigure.web.servlet.MockMvcPrintOnlyOnFailureTestExecutionListener, org.springframework.boot.test.autoconfigure.web.servlet.WebDriverTestExecutionListener, org.springframework.boot.test.mock.mockito.MockitoTestExecutionListener, org.springframework.boot.test.mock.mockito.ResetMocksTestExecutionListener, org.springframework.test.context.web.ServletTestExecutionListener, org.springframework.test.context.support.DirtiesContextBeforeModesTestExecutionListener, org.springframework.test.context.support.DependencyInjectionTestExecutionListener, org.springframework.test.context.support.DirtiesContextTestExecutionListener, org.springframework.test.context.transaction.TransactionalTestExecutionListener, org.springframework.test.context.jdbc.SqlScriptsTestExecutionListener]
2020-07-22 15:46:27.324  INFO 13180 --- [    Test worker] .b.t.c.SpringBootTestContextBootstrapper : Using TestExecutionListeners: [org.springframework.test.context.web.ServletTestExecutionListener@11ea12c4, org.springframework.test.context.support.DirtiesContextBeforeModesTestExecutionListener@66f4eeb3, org.springframework.boot.test.mock.mockito.MockitoTestExecutionListener@31019bcd, org.springframework.boot.test.autoconfigure.SpringBootDependencyInjectionTestExecutionListener@2e3803b0, org.springframework.test.context.support.DirtiesContextTestExecutionListener@6f055881, org.springframework.test.context.transaction.TransactionalTestExecutionListener@2e45b2a4, org.springframework.test.context.jdbc.SqlScriptsTestExecutionListener@13279b52, org.springframework.security.test.context.support.WithSecurityContextTestExecutionListener@7d6c2f05, org.springframework.security.test.context.support.ReactorContextTestExecutionListener@3868a179, org.springframework.boot.test.autoconfigure.restdocs.RestDocsTestExecutionListener@3bbbe442, org.springframework.boot.test.autoconfigure.web.client.MockRestServiceServerResetTestExecutionListener@14e9156c, org.springframework.boot.test.autoconfigure.web.servlet.MockMvcPrintOnlyOnFailureTestExecutionListener@86114f3, org.springframework.boot.test.autoconfigure.web.servlet.WebDriverTestExecutionListener@757f1fef, org.springframework.boot.test.mock.mockito.ResetMocksTestExecutionListener@11027cf6]
2020-07-22 15:46:27.330  INFO 13180 --- [    Test worker] o.a.c.c.C.[Tomcat].[localhost].[/]       : Initializing Spring TestDispatcherServlet ''
2020-07-22 15:46:27.330  INFO 13180 --- [    Test worker] o.s.t.web.servlet.TestDispatcherServlet  : Initializing Servlet ''
2020-07-22 15:46:27.332  INFO 13180 --- [    Test worker] o.s.t.web.servlet.TestDispatcherServlet  : Completed initialization in 2 ms
Hibernate: insert into posts (created_date, modified_date, author, content, title) values (?, ?, ?, ?, ?)
Hibernate: select posts0_.id as id1_0_, posts0_.created_date as created_2_0_, posts0_.modified_date as modified3_0_, posts0_.author as author4_0_, posts0_.content as content5_0_, posts0_.title as title6_0_ from posts posts0_
Hibernate: select posts0_.id as id1_0_, posts0_.created_date as created_2_0_, posts0_.modified_date as modified3_0_, posts0_.author as author4_0_, posts0_.content as content5_0_, posts0_.title as title6_0_ from posts posts0_
Hibernate: delete from posts where id=?
2020-07-22 15:46:27.380  INFO 13180 --- [    Test worker] o.a.c.c.C.[Tomcat].[localhost].[/]       : Initializing Spring TestDispatcherServlet ''
2020-07-22 15:46:27.380  INFO 13180 --- [    Test worker] o.s.t.web.servlet.TestDispatcherServlet  : Initializing Servlet ''
2020-07-22 15:46:27.382  INFO 13180 --- [    Test worker] o.s.t.web.servlet.TestDispatcherServlet  : Completed initialization in 2 ms
Hibernate: insert into posts (created_date, modified_date, author, content, title) values (?, ?, ?, ?, ?)
Hibernate: select posts0_.id as id1_0_0_, posts0_.created_date as created_2_0_0_, posts0_.modified_date as modified3_0_0_, posts0_.author as author4_0_0_, posts0_.content as content5_0_0_, posts0_.title as title6_0_0_ from posts posts0_ where posts0_.id=?
Hibernate: update posts set created_date=?, modified_date=?, author=?, content=?, title=? where id=?
Hibernate: select posts0_.id as id1_0_, posts0_.created_date as created_2_0_, posts0_.modified_date as modified3_0_, posts0_.author as author4_0_, posts0_.content as content5_0_, posts0_.title as title6_0_ from posts posts0_
Hibernate: select posts0_.id as id1_0_, posts0_.created_date as created_2_0_, posts0_.modified_date as modified3_0_, posts0_.author as author4_0_, posts0_.content as content5_0_, posts0_.title as title6_0_ from posts posts0_
Hibernate: delete from posts where id=?
]]></system-out>
  <system-err><![CDATA[]]></system-err>
</testsuite>
