<?xml version="1.0" encoding="UTF-8"?>
<testsuite name="com.SpringFirst.springboot.web.HelloControllerTest" tests="2" skipped="0" failures="0" errors="0" timestamp="2020-07-22T06:46:21" hostname="DESKTOP-JNEGHC6" time="0.475">
  <properties/>
  <testcase name="hello가_리턴된다" classname="com.SpringFirst.springboot.web.HelloControllerTest" time="0.412"/>
  <testcase name="helloDto가_리턴된다" classname="com.SpringFirst.springboot.web.HelloControllerTest" time="0.062"/>
  <system-out><![CDATA[15:46:19.048 [Test worker] DEBUG org.springframework.test.context.junit4.SpringJUnit4ClassRunner - SpringJUnit4ClassRunner constructor called with [class com.SpringFirst.springboot.web.HelloControllerTest]
15:46:19.055 [Test worker] DEBUG org.springframework.test.context.BootstrapUtils - Instantiating CacheAwareContextLoaderDelegate from class [org.springframework.test.context.cache.DefaultCacheAwareContextLoaderDelegate]
15:46:19.063 [Test worker] DEBUG org.springframework.test.context.BootstrapUtils - Instantiating BootstrapContext using constructor [public org.springframework.test.context.support.DefaultBootstrapContext(java.lang.Class,org.springframework.test.context.CacheAwareContextLoaderDelegate)]
15:46:19.078 [Test worker] DEBUG org.springframework.test.context.BootstrapUtils - Instantiating TestContextBootstrapper for test class [com.SpringFirst.springboot.web.HelloControllerTest] from class [org.springframework.boot.test.autoconfigure.web.servlet.WebMvcTestContextBootstrapper]
15:46:19.096 [Test worker] INFO org.springframework.boot.test.autoconfigure.web.servlet.WebMvcTestContextBootstrapper - Neither @ContextConfiguration nor @ContextHierarchy found for test class [com.SpringFirst.springboot.web.HelloControllerTest], using SpringBootContextLoader
15:46:19.099 [Test worker] DEBUG org.springframework.test.context.support.AbstractContextLoader - Did not detect default resource location for test class [com.SpringFirst.springboot.web.HelloControllerTest]: class path resource [com/SpringFirst/springboot/web/HelloControllerTest-context.xml] does not exist
15:46:19.100 [Test worker] DEBUG org.springframework.test.context.support.AbstractContextLoader - Did not detect default resource location for test class [com.SpringFirst.springboot.web.HelloControllerTest]: class path resource [com/SpringFirst/springboot/web/HelloControllerTestContext.groovy] does not exist
15:46:19.100 [Test worker] INFO org.springframework.test.context.support.AbstractContextLoader - Could not detect default resource locations for test class [com.SpringFirst.springboot.web.HelloControllerTest]: no resource found for suffixes {-context.xml, Context.groovy}.
15:46:19.101 [Test worker] INFO org.springframework.test.context.support.AnnotationConfigContextLoaderUtils - Could not detect default configuration classes for test class [com.SpringFirst.springboot.web.HelloControllerTest]: HelloControllerTest does not declare any static, non-private, non-final, nested classes annotated with @Configuration.
15:46:19.158 [Test worker] DEBUG org.springframework.test.context.support.ActiveProfilesUtils - Could not find an 'annotation declaring class' for annotation type [org.springframework.test.context.ActiveProfiles] and class [com.SpringFirst.springboot.web.HelloControllerTest]
15:46:19.223 [Test worker] DEBUG org.springframework.context.annotation.ClassPathScanningCandidateComponentProvider - Identified candidate component class: file [C:\Users\JOO\IdeaProjects\SpringFirst\build\classes\java\main\com\SpringFirst\springboot\Application.class]
15:46:19.224 [Test worker] INFO org.springframework.boot.test.context.SpringBootTestContextBootstrapper - Found @SpringBootConfiguration com.SpringFirst.springboot.Application for test class com.SpringFirst.springboot.web.HelloControllerTest
15:46:19.230 [Test worker] DEBUG org.springframework.boot.test.autoconfigure.web.servlet.WebMvcTestContextBootstrapper - @TestExecutionListeners is not present for class [com.SpringFirst.springboot.web.HelloControllerTest]: using defaults.
15:46:19.231 [Test worker] INFO org.springframework.boot.test.autoconfigure.web.servlet.WebMvcTestContextBootstrapper - Loaded default TestExecutionListener class names from location [META-INF/spring.factories]: [org.springframework.security.test.context.support.WithSecurityContextTestExecutionListener, org.springframework.security.test.context.support.ReactorContextTestExecutionListener, org.springframework.boot.test.autoconfigure.restdocs.RestDocsTestExecutionListener, org.springframework.boot.test.autoconfigure.web.client.MockRestServiceServerResetTestExecutionListener, org.springframework.boot.test.autoconfigure.web.servlet.MockMvcPrintOnlyOnFailureTestExecutionListener, org.springframework.boot.test.autoconfigure.web.servlet.WebDriverTestExecutionListener, org.springframework.boot.test.mock.mockito.MockitoTestExecutionListener, org.springframework.boot.test.mock.mockito.ResetMocksTestExecutionListener, org.springframework.test.context.web.ServletTestExecutionListener, org.springframework.test.context.support.DirtiesContextBeforeModesTestExecutionListener, org.springframework.test.context.support.DependencyInjectionTestExecutionListener, org.springframework.test.context.support.DirtiesContextTestExecutionListener, org.springframework.test.context.transaction.TransactionalTestExecutionListener, org.springframework.test.context.jdbc.SqlScriptsTestExecutionListener]
15:46:19.250 [Test worker] INFO org.springframework.boot.test.autoconfigure.web.servlet.WebMvcTestContextBootstrapper - Using TestExecutionListeners: [org.springframework.test.context.web.ServletTestExecutionListener@7678fd45, org.springframework.test.context.support.DirtiesContextBeforeModesTestExecutionListener@72562ecd, org.springframework.boot.test.mock.mockito.MockitoTestExecutionListener@4a93194e, org.springframework.boot.test.autoconfigure.SpringBootDependencyInjectionTestExecutionListener@7d9896ac, org.springframework.test.context.support.DirtiesContextTestExecutionListener@4cbbce8f, org.springframework.test.context.transaction.TransactionalTestExecutionListener@fd8a193, org.springframework.test.context.jdbc.SqlScriptsTestExecutionListener@5d53904f, org.springframework.security.test.context.support.WithSecurityContextTestExecutionListener@644750bf, org.springframework.security.test.context.support.ReactorContextTestExecutionListener@761a350e, org.springframework.boot.test.autoconfigure.restdocs.RestDocsTestExecutionListener@3c04d667, org.springframework.boot.test.autoconfigure.web.client.MockRestServiceServerResetTestExecutionListener@7d94f840, org.springframework.boot.test.autoconfigure.web.servlet.MockMvcPrintOnlyOnFailureTestExecutionListener@23888de5, org.springframework.boot.test.autoconfigure.web.servlet.WebDriverTestExecutionListener@49d7edf, org.springframework.boot.test.mock.mockito.ResetMocksTestExecutionListener@1eb037c5]
15:46:19.252 [Test worker] DEBUG org.springframework.test.annotation.ProfileValueUtils - Retrieved @ProfileValueSourceConfiguration [null] for test class [com.SpringFirst.springboot.web.HelloControllerTest]
15:46:19.253 [Test worker] DEBUG org.springframework.test.annotation.ProfileValueUtils - Retrieved ProfileValueSource type [class org.springframework.test.annotation.SystemProfileValueSource] for class [com.SpringFirst.springboot.web.HelloControllerTest]
15:46:19.254 [Test worker] DEBUG org.springframework.test.annotation.ProfileValueUtils - Retrieved @ProfileValueSourceConfiguration [null] for test class [com.SpringFirst.springboot.web.HelloControllerTest]
15:46:19.254 [Test worker] DEBUG org.springframework.test.annotation.ProfileValueUtils - Retrieved ProfileValueSource type [class org.springframework.test.annotation.SystemProfileValueSource] for class [com.SpringFirst.springboot.web.HelloControllerTest]
15:46:19.258 [Test worker] DEBUG org.springframework.test.context.support.AbstractDirtiesContextTestExecutionListener - Before test class: context [DefaultTestContext@265c8001 testClass = HelloControllerTest, testInstance = [null], testMethod = [null], testException = [null], mergedContextConfiguration = [WebMergedContextConfiguration@7cddcb3d testClass = HelloControllerTest, locations = '{}', classes = '{class com.SpringFirst.springboot.Application}', contextInitializerClasses = '[]', activeProfiles = '{}', propertySourceLocations = '{}', propertySourceProperties = '{org.springframework.boot.test.autoconfigure.web.servlet.WebMvcTestContextBootstrapper=true}', contextCustomizers = set[org.springframework.boot.test.autoconfigure.OverrideAutoConfigurationContextCustomizerFactory$DisableAutoConfigurationContextCustomizer@17f69cea, org.springframework.boot.test.autoconfigure.filter.TypeExcludeFiltersContextCustomizer@95d8ac25, org.springframework.boot.test.autoconfigure.properties.PropertyMappingContextCustomizer@f94b9f01, org.springframework.boot.test.autoconfigure.web.servlet.WebDriverContextCustomizerFactory$Customizer@58b3aabe, [ImportsContextCustomizer@4a417f76 key = [org.springframework.boot.autoconfigure.cache.CacheAutoConfiguration, org.springframework.boot.autoconfigure.context.MessageSourceAutoConfiguration, org.springframework.boot.autoconfigure.data.web.SpringDataWebAutoConfiguration, org.springframework.boot.autoconfigure.freemarker.FreeMarkerAutoConfiguration, org.springframework.boot.autoconfigure.groovy.template.GroovyTemplateAutoConfiguration, org.springframework.boot.autoconfigure.gson.GsonAutoConfiguration, org.springframework.boot.autoconfigure.hateoas.HypermediaAutoConfiguration, org.springframework.boot.autoconfigure.http.HttpMessageConvertersAutoConfiguration, org.springframework.boot.autoconfigure.jackson.JacksonAutoConfiguration, org.springframework.boot.autoconfigure.jsonb.JsonbAutoConfiguration, org.springframework.boot.autoconfigure.mustache.MustacheAutoConfiguration, org.springframework.boot.autoconfigure.task.TaskExecutionAutoConfiguration, org.springframework.boot.autoconfigure.thymeleaf.ThymeleafAutoConfiguration, org.springframework.boot.autoconfigure.validation.ValidationAutoConfiguration, org.springframework.boot.autoconfigure.web.servlet.error.ErrorMvcAutoConfiguration, org.springframework.boot.autoconfigure.web.servlet.WebMvcAutoConfiguration, org.springframework.boot.test.autoconfigure.web.servlet.MockMvcAutoConfiguration, org.springframework.boot.test.autoconfigure.web.servlet.MockMvcSecurityAutoConfiguration, org.springframework.boot.test.autoconfigure.web.servlet.MockMvcWebClientAutoConfiguration, org.springframework.boot.test.autoconfigure.web.servlet.MockMvcWebDriverAutoConfiguration]], org.springframework.boot.test.context.filter.ExcludeFilterContextCustomizer@41583878, org.springframework.boot.test.json.DuplicateJsonObjectContextCustomizerFactory$DuplicateJsonObjectContextCustomizer@cb2c059, org.springframework.boot.test.mock.mockito.MockitoContextCustomizer@0], resourceBasePath = 'src/main/webapp', contextLoader = 'org.springframework.boot.test.context.SpringBootContextLoader', parent = [null]], attributes = map[[empty]]], class annotated with @DirtiesContext [false] with mode [null].
15:46:19.260 [Test worker] DEBUG org.springframework.test.annotation.ProfileValueUtils - Retrieved @ProfileValueSourceConfiguration [null] for test class [com.SpringFirst.springboot.web.HelloControllerTest]
15:46:19.260 [Test worker] DEBUG org.springframework.test.annotation.ProfileValueUtils - Retrieved ProfileValueSource type [class org.springframework.test.annotation.SystemProfileValueSource] for class [com.SpringFirst.springboot.web.HelloControllerTest]
15:46:19.265 [Test worker] DEBUG org.springframework.test.context.support.DependencyInjectionTestExecutionListener - Performing dependency injection for test context [[DefaultTestContext@265c8001 testClass = HelloControllerTest, testInstance = com.SpringFirst.springboot.web.HelloControllerTest@6bd38766, testMethod = [null], testException = [null], mergedContextConfiguration = [WebMergedContextConfiguration@7cddcb3d testClass = HelloControllerTest, locations = '{}', classes = '{class com.SpringFirst.springboot.Application}', contextInitializerClasses = '[]', activeProfiles = '{}', propertySourceLocations = '{}', propertySourceProperties = '{org.springframework.boot.test.autoconfigure.web.servlet.WebMvcTestContextBootstrapper=true}', contextCustomizers = set[org.springframework.boot.test.autoconfigure.OverrideAutoConfigurationContextCustomizerFactory$DisableAutoConfigurationContextCustomizer@17f69cea, org.springframework.boot.test.autoconfigure.filter.TypeExcludeFiltersContextCustomizer@95d8ac25, org.springframework.boot.test.autoconfigure.properties.PropertyMappingContextCustomizer@f94b9f01, org.springframework.boot.test.autoconfigure.web.servlet.WebDriverContextCustomizerFactory$Customizer@58b3aabe, [ImportsContextCustomizer@4a417f76 key = [org.springframework.boot.autoconfigure.cache.CacheAutoConfiguration, org.springframework.boot.autoconfigure.context.MessageSourceAutoConfiguration, org.springframework.boot.autoconfigure.data.web.SpringDataWebAutoConfiguration, org.springframework.boot.autoconfigure.freemarker.FreeMarkerAutoConfiguration, org.springframework.boot.autoconfigure.groovy.template.GroovyTemplateAutoConfiguration, org.springframework.boot.autoconfigure.gson.GsonAutoConfiguration, org.springframework.boot.autoconfigure.hateoas.HypermediaAutoConfiguration, org.springframework.boot.autoconfigure.http.HttpMessageConvertersAutoConfiguration, org.springframework.boot.autoconfigure.jackson.JacksonAutoConfiguration, org.springframework.boot.autoconfigure.jsonb.JsonbAutoConfiguration, org.springframework.boot.autoconfigure.mustache.MustacheAutoConfiguration, org.springframework.boot.autoconfigure.task.TaskExecutionAutoConfiguration, org.springframework.boot.autoconfigure.thymeleaf.ThymeleafAutoConfiguration, org.springframework.boot.autoconfigure.validation.ValidationAutoConfiguration, org.springframework.boot.autoconfigure.web.servlet.error.ErrorMvcAutoConfiguration, org.springframework.boot.autoconfigure.web.servlet.WebMvcAutoConfiguration, org.springframework.boot.test.autoconfigure.web.servlet.MockMvcAutoConfiguration, org.springframework.boot.test.autoconfigure.web.servlet.MockMvcSecurityAutoConfiguration, org.springframework.boot.test.autoconfigure.web.servlet.MockMvcWebClientAutoConfiguration, org.springframework.boot.test.autoconfigure.web.servlet.MockMvcWebDriverAutoConfiguration]], org.springframework.boot.test.context.filter.ExcludeFilterContextCustomizer@41583878, org.springframework.boot.test.json.DuplicateJsonObjectContextCustomizerFactory$DuplicateJsonObjectContextCustomizer@cb2c059, org.springframework.boot.test.mock.mockito.MockitoContextCustomizer@0], resourceBasePath = 'src/main/webapp', contextLoader = 'org.springframework.boot.test.context.SpringBootContextLoader', parent = [null]], attributes = map[[empty]]]].
15:46:19.359 [Test worker] DEBUG org.springframework.test.context.support.TestPropertySourceUtils - Adding inlined properties to environment: {spring.jmx.enabled=false, org.springframework.boot.test.autoconfigure.web.servlet.WebMvcTestContextBootstrapper=true, server.port=-1}

  .   ____          _            __ _ _
 /\\ / ___'_ __ _ _(_)_ __  __ _ \ \ \ \
( ( )\___ | '_ | '_| | '_ \/ _` | \ \ \ \
 \\/  ___)| |_)| | | | | || (_| |  ) ) ) )
  '  |____| .__|_| |_|_| |_\__, | / / / /
 =========|_|==============|___/=/_/_/_/
 :: Spring Boot ::        (v2.1.7.RELEASE)

2020-07-22 15:46:19.596  INFO 13180 --- [    Test worker] c.S.springboot.web.HelloControllerTest   : Starting HelloControllerTest on DESKTOP-JNEGHC6 with PID 13180 (started by JOO in C:\Users\JOO\IdeaProjects\SpringFirst)
2020-07-22 15:46:19.598  INFO 13180 --- [    Test worker] c.S.springboot.web.HelloControllerTest   : No active profile set, falling back to default profiles: default
2020-07-22 15:46:20.732  INFO 13180 --- [    Test worker] o.s.s.concurrent.ThreadPoolTaskExecutor  : Initializing ExecutorService 'applicationTaskExecutor'
2020-07-22 15:46:20.814  INFO 13180 --- [    Test worker] o.s.b.a.w.s.WelcomePageHandlerMapping    : Adding welcome page template: index
2020-07-22 15:46:21.090  INFO 13180 --- [    Test worker] .s.s.UserDetailsServiceAutoConfiguration : 

Using generated security password: 6090e489-ef9c-49a0-aa65-25dd3073add3

2020-07-22 15:46:21.294  INFO 13180 --- [    Test worker] o.s.s.web.DefaultSecurityFilterChain     : Creating filter chain: any request, [org.springframework.security.web.context.request.async.WebAsyncManagerIntegrationFilter@1dca828c, org.springframework.security.web.context.SecurityContextPersistenceFilter@6f068783, org.springframework.security.web.header.HeaderWriterFilter@12035cd6, org.springframework.security.web.csrf.CsrfFilter@52e82942, org.springframework.security.web.authentication.logout.LogoutFilter@5687016f, org.springframework.security.web.authentication.UsernamePasswordAuthenticationFilter@fb0e91e, org.springframework.security.web.authentication.ui.DefaultLoginPageGeneratingFilter@6add0a01, org.springframework.security.web.authentication.ui.DefaultLogoutPageGeneratingFilter@752dce4d, org.springframework.security.web.authentication.www.BasicAuthenticationFilter@3bf483d5, org.springframework.security.web.savedrequest.RequestCacheAwareFilter@759987e7, org.springframework.security.web.servletapi.SecurityContextHolderAwareRequestFilter@250e9c7, org.springframework.security.web.authentication.AnonymousAuthenticationFilter@2c1957d5, org.springframework.security.web.session.SessionManagementFilter@79941a48, org.springframework.security.web.access.ExceptionTranslationFilter@2363d95, org.springframework.security.web.access.intercept.FilterSecurityInterceptor@7b5df1c2]
2020-07-22 15:46:21.335  INFO 13180 --- [    Test worker] o.s.b.t.m.w.SpringBootMockServletContext : Initializing Spring TestDispatcherServlet ''
2020-07-22 15:46:21.335  INFO 13180 --- [    Test worker] o.s.t.web.servlet.TestDispatcherServlet  : Initializing Servlet ''
2020-07-22 15:46:21.349  INFO 13180 --- [    Test worker] o.s.t.web.servlet.TestDispatcherServlet  : Completed initialization in 14 ms
2020-07-22 15:46:21.397  INFO 13180 --- [    Test worker] c.S.springboot.web.HelloControllerTest   : Started HelloControllerTest in 2.03 seconds (JVM running for 3.756)
]]></system-out>
  <system-err><![CDATA[]]></system-err>
</testsuite>
